Started GET "/" for 127.0.0.1 at 2017-05-26 21:51:16 +0300
Processing by Rails::WelcomeController#index as HTML
  Rendering /Users/ovidiu.bite/.rvm/gems/ruby-2.4.1/gems/railties-5.1.1/lib/rails/templates/rails/welcome/index.html.erb
  Rendered /Users/ovidiu.bite/.rvm/gems/ruby-2.4.1/gems/railties-5.1.1/lib/rails/templates/rails/welcome/index.html.erb (2.6ms)
Completed 200 OK in 15ms (Views: 6.2ms)


Started GET "/" for 127.0.0.1 at 2017-05-26 22:11:10 +0300
Processing by UsersController#index as HTML
  Rendering users/index.html.erb within layouts/application
  Rendered users/index.html.erb within layouts/application (1.0ms)
Completed 500 Internal Server Error in 235ms


  
ActionView::Template::Error (couldn't find file 'turbolinks' with type 'application/javascript'
Checked in these paths: 
  /Users/ovidiu.bite/transport-ticketing/customer-web/app/assets/config
  /Users/ovidiu.bite/transport-ticketing/customer-web/app/assets/images
  /Users/ovidiu.bite/transport-ticketing/customer-web/app/assets/javascripts
  /Users/ovidiu.bite/transport-ticketing/customer-web/app/assets/stylesheets
  /Users/ovidiu.bite/.rvm/gems/ruby-2.4.1/gems/actioncable-5.1.1/lib/assets/compiled
  /Users/ovidiu.bite/.rvm/gems/ruby-2.4.1/gems/actionview-5.1.1/lib/assets/compiled
  /Users/ovidiu.bite/transport-ticketing/customer-web/node_modules):
    4:     <title>CustomerWeb</title>
    5:     <%= csrf_meta_tags %>
    6: 
    7:     <%= stylesheet_link_tag    'application', media: 'all', 'data-turbolinks-track': 'reload' %>
    8:     <%= javascript_include_tag 'application', 'data-turbolinks-track': 'reload' %>
    9:   </head>
   10: 
  
app/assets/javascripts/application.js:14
app/views/layouts/application.html.erb:7:in `_app_views_layouts_application_html_erb__2451888823578246250_70291133598620'
Started GET "/" for 127.0.0.1 at 2017-05-26 22:11:22 +0300
Processing by UsersController#index as HTML
  Rendering users/index.html.erb within layouts/application
  Rendered users/index.html.erb within layouts/application (0.3ms)
Completed 200 OK in 220ms (Views: 218.8ms)


Started GET "/" for 127.0.0.1 at 2017-05-26 22:11:42 +0300
Processing by UsersController#index as HTML
  Rendering users/index.html.erb within layouts/application
  Rendered users/index.html.erb within layouts/application (0.3ms)
Completed 200 OK in 12ms (Views: 10.5ms)


Started GET "/" for 127.0.0.1 at 2017-05-26 22:11:49 +0300
Processing by UsersController#index as HTML
  Rendering users/index.html.erb within layouts/application
  Rendered users/index.html.erb within layouts/application (0.4ms)
Completed 200 OK in 13ms (Views: 11.2ms)


Started GET "/" for 127.0.0.1 at 2017-05-26 22:12:00 +0300
Processing by UsersController#index as HTML
  Rendering users/index.html.erb within layouts/application
  Rendered users/index.html.erb within layouts/application (0.3ms)
Completed 200 OK in 13ms (Views: 10.5ms)


Started GET "/" for 127.0.0.1 at 2017-05-26 22:24:13 +0300
Processing by UsersController#index as HTML
  Rendering users/index.html.erb within layouts/application
  Rendered users/index.html.erb within layouts/application (1.3ms)
Completed 200 OK in 215ms (Views: 191.3ms)


